Copyright 1986-2022 Xilinx, Inc. All Rights Reserved. Copyright 2022-2025 Advanced Micro Devices, Inc. All Rights Reserved.
---------------------------------------------------------------------------------------------------------------------------------------------
| Tool Version : Vivado v.2025.1 (win64) Build 6140274 Thu May 22 00:12:29 MDT 2025
| Date         : Thu Jun 11 13:52:44 2026
| Host         : RUHUL running 64-bit major release  (build 9200)
| Command      : report_control_sets -verbose -file Two_Digit_Counter_control_sets_placed.rpt
| Design       : Two_Digit_Counter
| Device       : xc7a100t
---------------------------------------------------------------------------------------------------------------------------------------------

Control Set Information

Table of Contents
-----------------
1. Summary
2. Histogram
3. Flip-Flop Distribution
4. Detailed Control Set Information

1. Summary
----------

+----------------------------------------------------------+-------+
|                          Status                          | Count |
+----------------------------------------------------------+-------+
| Total control sets                                       |     6 |
|    Minimum number of control sets                        |     6 |
|    Addition due to synthesis replication                 |     0 |
|    Addition due to physical synthesis replication        |     0 |
| Unused register locations in slices containing registers |    21 |
+----------------------------------------------------------+-------+
* Control sets can be merged at opt_design using control_set_merge or merge_equivalent_drivers
** Run report_qor_suggestions for automated merging and remapping suggestions


2. Histogram
------------

+--------------------+-------+
|       Fanout       | Count |
+--------------------+-------+
| Total control sets |     6 |
| >= 0 to < 4        |     2 |
| >= 4 to < 6        |     2 |
| >= 6 to < 8        |     0 |
| >= 8 to < 10       |     0 |
| >= 10 to < 12      |     0 |
| >= 12 to < 14      |     0 |
| >= 14 to < 16      |     0 |
| >= 16              |     2 |
+--------------------+-------+
* Control sets can be remapped at either synth_design or opt_design


3. Flip-Flop Distribution
-------------------------

+--------------+-----------------------+------------------------+-----------------+--------------+
| Clock Enable | Synchronous Set/Reset | Asynchronous Set/Reset | Total Registers | Total Slices |
+--------------+-----------------------+------------------------+-----------------+--------------+
| No           | No                    | No                     |               3 |            3 |
| No           | No                    | Yes                    |               0 |            0 |
| No           | Yes                   | No                     |              64 |           18 |
| Yes          | No                    | No                     |               0 |            0 |
| Yes          | No                    | Yes                    |               8 |            2 |
| Yes          | Yes                   | No                     |               0 |            0 |
+--------------+-----------------------+------------------------+-----------------+--------------+


4. Detailed Control Set Information
-----------------------------------

+--------------------+-----------------+------------------+------------------+----------------+--------------+
|    Clock Signal    |  Enable Signal  | Set/Reset Signal | Slice Load Count | Bel Load Count | Bels / Slice |
+--------------------+-----------------+------------------+------------------+----------------+--------------+
|  div_1kHz/temp_clk |                 |                  |                1 |              1 |         1.00 |
|  CLK_IBUF_BUFG     |                 |                  |                2 |              2 |         1.00 |
|  div_1Hz/CLK       | count_tens      | CLEAR_IBUF       |                1 |              4 |         4.00 |
|  div_1Hz/CLK       | START_STOP_IBUF | CLEAR_IBUF       |                1 |              4 |         4.00 |
|  CLK_IBUF_BUFG     |                 | div_1Hz/temp_clk |                9 |             32 |         3.56 |
|  CLK_IBUF_BUFG     |                 | div_1kHz/p_0_in  |                9 |             32 |         3.56 |
+--------------------+-----------------+------------------+------------------+----------------+--------------+


